2016-05-12 01:50:52,753 INFO  (ContextLoader.java:285) - Root WebApplicationContext: initialization started
2016-05-12 01:50:52,809 INFO  (AbstractApplicationContext.java:510) - Refreshing Root WebApplicationContext: startup date [Thu May 12 01:50:52 CST 2016]; root of context hierarchy
2016-05-12 01:50:52,833 INFO  (XmlBeanDefinitionReader.java:317) - Loading XML bean definitions from class path resource [applicationContext.xml]
2016-05-12 01:50:53,002 INFO  (Slf4jMLog.java:203) - MLog clients using slf4j logging.
2016-05-12 01:50:53,039 INFO  (Slf4jMLog.java:203) - Initializing c3p0-0.9.5.1 [built 16-June-2015 00:06:36 -0700; debug? true; trace: 10]
2016-05-12 01:50:53,186 INFO  (ContextLoader.java:325) - Root WebApplicationContext: initialization completed in 431 ms
2016-05-12 01:50:53,215 INFO  (FrameworkServlet.java:484) - FrameworkServlet 'SpringMVC': initialization started
2016-05-12 01:50:53,217 INFO  (AbstractApplicationContext.java:510) - Refreshing WebApplicationContext for namespace 'SpringMVC-servlet': startup date [Thu May 12 01:50:53 CST 2016]; parent: Root WebApplicationContext
2016-05-12 01:50:53,217 INFO  (XmlBeanDefinitionReader.java:317) - Loading XML bean definitions from class path resource [spring-mvc.xml]
2016-05-12 01:50:53,305 INFO  (AbstractUrlHandlerMapping.java:315) - Mapped URL path [/**] onto handler 'org.springframework.web.servlet.resource.DefaultServletHttpRequestHandler#0'
2016-05-12 01:50:53,350 INFO  (AbstractUrlHandlerMapping.java:315) - Mapped URL path [/static/**] onto handler 'org.springframework.web.servlet.resource.ResourceHttpRequestHandler#0'
2016-05-12 01:50:53,515 INFO  (FrameworkServlet.java:503) - FrameworkServlet 'SpringMVC': initialization completed in 300 ms
2016-05-12 01:51:02,978 INFO  (ContextLoader.java:285) - Root WebApplicationContext: initialization started
2016-05-12 01:51:03,037 INFO  (AbstractApplicationContext.java:510) - Refreshing Root WebApplicationContext: startup date [Thu May 12 01:51:03 CST 2016]; root of context hierarchy
2016-05-12 01:51:03,065 INFO  (XmlBeanDefinitionReader.java:317) - Loading XML bean definitions from class path resource [applicationContext.xml]
2016-05-12 01:51:03,241 INFO  (Slf4jMLog.java:203) - MLog clients using slf4j logging.
2016-05-12 01:51:03,276 INFO  (Slf4jMLog.java:203) - Initializing c3p0-0.9.5.1 [built 16-June-2015 00:06:36 -0700; debug? true; trace: 10]
2016-05-12 01:51:03,425 INFO  (ContextLoader.java:325) - Root WebApplicationContext: initialization completed in 446 ms
2016-05-12 01:51:03,457 INFO  (FrameworkServlet.java:484) - FrameworkServlet 'SpringMVC': initialization started
2016-05-12 01:51:03,459 INFO  (AbstractApplicationContext.java:510) - Refreshing WebApplicationContext for namespace 'SpringMVC-servlet': startup date [Thu May 12 01:51:03 CST 2016]; parent: Root WebApplicationContext
2016-05-12 01:51:03,460 INFO  (XmlBeanDefinitionReader.java:317) - Loading XML bean definitions from class path resource [spring-mvc.xml]
2016-05-12 01:51:03,551 INFO  (AbstractUrlHandlerMapping.java:315) - Mapped URL path [/**] onto handler 'org.springframework.web.servlet.resource.DefaultServletHttpRequestHandler#0'
2016-05-12 01:51:03,566 INFO  (AbstractUrlHandlerMapping.java:315) - Mapped URL path [/static/**] onto handler 'org.springframework.web.servlet.resource.ResourceHttpRequestHandler#0'
2016-05-12 01:51:03,646 INFO  (FrameworkServlet.java:503) - FrameworkServlet 'SpringMVC': initialization completed in 189 ms
2016-05-12 01:54:28,385 INFO  (ContextLoader.java:285) - Root WebApplicationContext: initialization started
2016-05-12 01:54:28,442 INFO  (AbstractApplicationContext.java:510) - Refreshing Root WebApplicationContext: startup date [Thu May 12 01:54:28 CST 2016]; root of context hierarchy
2016-05-12 01:54:28,478 INFO  (XmlBeanDefinitionReader.java:317) - Loading XML bean definitions from class path resource [applicationContext.xml]
2016-05-12 01:54:28,657 INFO  (AutowiredAnnotationBeanPostProcessor.java:153) - JSR-330 'javax.inject.Inject' annotation found and supported for autowiring
2016-05-12 01:54:28,687 INFO  (Slf4jMLog.java:203) - MLog clients using slf4j logging.
2016-05-12 01:54:28,721 INFO  (Slf4jMLog.java:203) - Initializing c3p0-0.9.5.1 [built 16-June-2015 00:06:36 -0700; debug? true; trace: 10]
2016-05-12 01:54:28,947 INFO  (ContextLoader.java:325) - Root WebApplicationContext: initialization completed in 560 ms
2016-05-12 01:54:28,975 INFO  (FrameworkServlet.java:484) - FrameworkServlet 'SpringMVC': initialization started
2016-05-12 01:54:28,977 INFO  (AbstractApplicationContext.java:510) - Refreshing WebApplicationContext for namespace 'SpringMVC-servlet': startup date [Thu May 12 01:54:28 CST 2016]; parent: Root WebApplicationContext
2016-05-12 01:54:28,978 INFO  (XmlBeanDefinitionReader.java:317) - Loading XML bean definitions from class path resource [spring-mvc.xml]
2016-05-12 01:54:29,026 INFO  (AutowiredAnnotationBeanPostProcessor.java:153) - JSR-330 'javax.inject.Inject' annotation found and supported for autowiring
2016-05-12 01:54:29,064 INFO  (AbstractUrlHandlerMapping.java:315) - Mapped URL path [/**] onto handler 'org.springframework.web.servlet.resource.DefaultServletHttpRequestHandler#0'
2016-05-12 01:54:29,082 INFO  (AbstractUrlHandlerMapping.java:315) - Mapped URL path [/static/**] onto handler 'org.springframework.web.servlet.resource.ResourceHttpRequestHandler#0'
2016-05-12 01:54:29,169 INFO  (FrameworkServlet.java:503) - FrameworkServlet 'SpringMVC': initialization completed in 194 ms
2016-05-12 15:13:33,523 INFO  (AbstractApplicationContext.java:862) - Closing WebApplicationContext for namespace 'SpringMVC-servlet': startup date [Thu May 12 01:54:28 CST 2016]; parent: Root WebApplicationContext
2016-05-12 15:13:33,538 INFO  (AbstractApplicationContext.java:862) - Closing Root WebApplicationContext: startup date [Thu May 12 01:54:28 CST 2016]; root of context hierarchy
